2022-12-07 15:52:28,657 - IRCServer[16102] - INFO - Launching server minastirith...
2022-12-07 15:52:28,662 - IRCServer[16102] - INFO - Configuring the server socket...
2022-12-07 15:52:28,669 - IRCServer[16102] - INFO - Connecting to remote server theshire:31301...
2022-12-07 15:52:28,678 - IRCServer[16102] - INFO - Listening for new connections on port 31306
2022-12-07 15:52:28,916 - IRCServer[16102] - INFO - Launching server osgiliath...
2022-12-07 15:52:28,922 - IRCServer[16102] - INFO - Configuring the server socket...
2022-12-07 15:52:28,968 - IRCServer[16102] - INFO - Connecting to remote server minastiri:31306...
2022-12-07 15:52:28,980 - IRCServer[16102] - INFO - Listening for new connections on port 31307
2022-12-07 15:52:29,174 - IRCServer[16102] - INFO - Launching server barad-dur...
2022-12-07 15:52:29,186 - IRCServer[16102] - INFO - Configuring the server socket...
2022-12-07 15:52:29,199 - IRCServer[16102] - INFO - Connecting to remote server minastiri:31306...
2022-12-07 15:52:29,205 - IRCServer[16102] - INFO - Listening for new connections on port 31308
2022-12-07 15:52:29,683 - IRCServer[16102] - INFO - Cleaning up the server
2022-12-07 15:52:29,708 - IRCServer[16102] - INFO - Cleaning up the server
2022-12-07 15:52:29,725 - IRCServer[16102] - INFO - Cleaning up the server
2022-12-07 15:52:29,838 - IRCServer[16102] - INFO - Cleaning up the server
2022-12-07 15:52:29,927 - IRCServer[16102] - INFO - Cleaning up the server
2022-12-07 15:52:29,931 - IRCServer[16102] - INFO - Cleaning up the server
2022-12-07 15:52:30,040 - IRCServer[16102] - INFO - Cleaning up the server
2022-12-07 15:52:30,140 - IRCServer[16102] - INFO - Cleaning up the server
